This file contains any messages produced by compilers while
running configure, to aid debugging if configure makes a mistake.

It was created by SQLsmith configure 1.1, which was
generated by GNU Autoconf 2.69.  Invocation command line was

  $ ./configure --with-boost-libdir=/usr/lib/x86_64-linux-gnu

## --------- ##
## Platform. ##
## --------- ##

hostname = thomas-XPS-8700
uname -m = x86_64
uname -r = 3.13.0-35-generic
uname -s = Linux
uname -v = #62-Ubuntu SMP Fri Aug 15 01:58:42 UTC 2014

/usr/bin/uname -p = unknown
/bin/uname -X     = unknown

/bin/arch              = unknown
/usr/bin/arch -k       = unknown
/usr/convex/getsysinfo = unknown
/usr/bin/hostinfo      = unknown
/bin/machine           = unknown
/usr/bin/oslevel       = unknown
/bin/universe          = unknown

PATH: /usr/local/sbin
PATH: /usr/local/bin
PATH: /usr/sbin
PATH: /usr/bin
PATH: /sbin
PATH: /bin
PATH: /usr/games
PATH: /usr/local/games


## ----------- ##
## Core tests. ##
## ----------- ##

configure:1989: checking for a BSD-compatible install
configure:2057: result: /usr/bin/install -c
configure:2068: checking whether build environment is sane
configure:2123: result: yes
configure:2274: checking for a thread-safe mkdir -p
configure:2313: result: /bin/mkdir -p
configure:2320: checking for gawk
configure:2350: result: no
configure:2320: checking for mawk
configure:2336: found /usr/bin/mawk
configure:2347: result: mawk
configure:2358: checking whether make sets $(MAKE)
configure:2380: result: yes
configure:2409: checking whether make supports nested variables
configure:2426: result: yes
configure:2609: checking for g++
configure:2625: found /usr/bin/g++
configure:2636: result: g++
configure:2663: checking for C++ compiler version
configure:2672: g++ --version >&5
g++ (Ubuntu 4.8.4-2ubuntu1~14.04.3) 4.8.4
Copyright (C) 2013 Free Software Foundation, Inc.
This is free software; see the source for copying conditions.  There is NO
warranty; not even for MERCHANTABILITY or FITNESS FOR A PARTICULAR PURPOSE.

configure:2683: $? = 0
configure:2672: g++ -v >&5
Using built-in specs.
COLLECT_GCC=g++
COLLECT_LTO_WRAPPER=/usr/lib/gcc/x86_64-linux-gnu/4.8/lto-wrapper
Target: x86_64-linux-gnu
Configured with: ../src/configure -v --with-pkgversion='Ubuntu 4.8.4-2ubuntu1~14.04.3' --with-bugurl=file:///usr/share/doc/gcc-4.8/README.Bugs --enable-languages=c,c++,java,go,d,fortran,objc,obj-c++ --prefix=/usr --program-suffix=-4.8 --enable-shared --enable-linker-build-id --libexecdir=/usr/lib --without-included-gettext --enable-threads=posix --with-gxx-include-dir=/usr/include/c++/4.8 --libdir=/usr/lib --enable-nls --with-sysroot=/ --enable-clocale=gnu --enable-libstdcxx-debug --enable-libstdcxx-time=yes --enable-gnu-unique-object --disable-libmudflap --enable-plugin --with-system-zlib --disable-browser-plugin --enable-java-awt=gtk --enable-gtk-cairo --with-java-home=/usr/lib/jvm/java-1.5.0-gcj-4.8-amd64/jre --enable-java-home --with-jvm-root-dir=/usr/lib/jvm/java-1.5.0-gcj-4.8-amd64 --with-jvm-jar-dir=/usr/lib/jvm-exports/java-1.5.0-gcj-4.8-amd64 --with-arch-directory=amd64 --with-ecj-jar=/usr/share/java/eclipse-ecj.jar --enable-objc-gc --enable-multiarch --disable-werror --with-arch-32=i686 --with-abi=m64 --with-multilib-list=m32,m64,mx32 --with-tune=generic --enable-checking=release --build=x86_64-linux-gnu --host=x86_64-linux-gnu --target=x86_64-linux-gnu
Thread model: posix
gcc version 4.8.4 (Ubuntu 4.8.4-2ubuntu1~14.04.3) 
configure:2683: $? = 0
configure:2672: g++ -V >&5
g++: error: unrecognized command line option '-V'
g++: fatal error: no input files
compilation terminated.
configure:2683: $? = 4
configure:2672: g++ -qversion >&5
g++: error: unrecognized command line option '-qversion'
g++: fatal error: no input files
compilation terminated.
configure:2683: $? = 4
configure:2703: checking whether the C++ compiler works
configure:2725: g++    conftest.cpp  >&5
configure:2729: $? = 0
configure:2777: result: yes
configure:2780: checking for C++ compiler default output file name
configure:2782: result: a.out
configure:2788: checking for suffix of executables
configure:2795: g++ -o conftest    conftest.cpp  >&5
configure:2799: $? = 0
configure:2821: result: 
configure:2843: checking whether we are cross compiling
configure:2851: g++ -o conftest    conftest.cpp  >&5
configure:2855: $? = 0
configure:2862: ./conftest
configure:2866: $? = 0
configure:2881: result: no
configure:2886: checking for suffix of object files
configure:2908: g++ -c   conftest.cpp >&5
configure:2912: $? = 0
configure:2933: result: o
configure:2937: checking whether we are using the GNU C++ compiler
configure:2956: g++ -c   conftest.cpp >&5
configure:2956: $? = 0
configure:2965: result: yes
configure:2974: checking whether g++ accepts -g
configure:2994: g++ -c -g  conftest.cpp >&5
configure:2994: $? = 0
configure:3035: result: yes
configure:3069: checking for style of include used by make
configure:3097: result: GNU
configure:3123: checking dependency style of g++
configure:3234: result: gcc3
configure:3257: checking whether g++ supports C++11 features by default
configure:3283: g++ -c -g -O2  conftest.cpp >&5
conftest.cpp:15:21: error: expected identifier before 'sizeof'
       static_assert(sizeof(int) <= sizeof(T), "not big enough");
                     ^
conftest.cpp:15:21: error: expected ',' or '...' before 'sizeof'
conftest.cpp:15:63: error: ISO C++ forbids declaration of 'static_assert' with no type [-fpermissive]
       static_assert(sizeof(int) <= sizeof(T), "not big enough");
                                                               ^
conftest.cpp:18:29: error: '>>' should be '> >' within a nested template argument list
     typedef check<check<bool>> right_angle_brackets;
                             ^
conftest.cpp:21:13: error: expected constructor, destructor, or type conversion before '(' token
     decltype(a) b;
             ^
conftest.cpp:25:15: error: expected unqualified-id before '&&' token
     check_type&& cr = static_cast<check_type&&>(c);
               ^
conftest.cpp:27:10: error: 'd' does not name a type
     auto d = a;
          ^
configure:3283: $? = 1
configure: failed program was:
| /* confdefs.h */
| #define PACKAGE_NAME "SQLsmith"
| #define PACKAGE_TARNAME "sqlsmith"
| #define PACKAGE_VERSION "1.1"
| #define PACKAGE_STRING "SQLsmith 1.1"
| #define PACKAGE_BUGREPORT "seltenreich@gmx.de"
| #define PACKAGE_URL "https://github.com/anse1/sqlsmith/"
| #define PACKAGE "sqlsmith"
| #define VERSION "1.1"
| /* end confdefs.h.  */
| 
|   template <typename T>
|     struct check
|     {
|       static_assert(sizeof(int) <= sizeof(T), "not big enough");
|     };
| 
|     typedef check<check<bool>> right_angle_brackets;
| 
|     int a;
|     decltype(a) b;
| 
|     typedef check<int> check_type;
|     check_type c;
|     check_type&& cr = static_cast<check_type&&>(c);
| 
|     auto d = a;
| 
configure:3290: result: no
configure:3301: checking whether g++ supports C++11 features with -std=c++11
configure:3329: g++ -c -g -O2 -std=c++11  conftest.cpp >&5
configure:3329: $? = 0
configure:3338: result: yes
configure:3427: checking for pkg-config
configure:3445: found /usr/bin/pkg-config
configure:3457: result: /usr/bin/pkg-config
configure:3482: checking pkg-config is at least version 0.9.0
configure:3485: result: yes
configure:3495: checking for LIBPQXX
configure:3502: $PKG_CONFIG --exists --print-errors "libpqxx >= 4.0"
configure:3505: $? = 0
configure:3519: $PKG_CONFIG --exists --print-errors "libpqxx >= 4.0"
configure:3522: $? = 0
configure:3580: result: yes
configure:3587: checking for MONETDB_MAPI
configure:3594: $PKG_CONFIG --exists --print-errors "monetdb-mapi >= 11.23.0"
configure:3597: $? = 0
configure:3611: $PKG_CONFIG --exists --print-errors "monetdb-mapi >= 11.23.0"
configure:3614: $? = 0
configure:3672: result: yes
configure:3725: checking for boostlib >= 1.20.0
configure:3796: g++ -c -g -O2 -std=c++11  -I/usr/include conftest.cpp >&5
configure:3796: $? = 0
configure:3798: result: yes
configure:3992: checking for gcc
configure:4008: found /usr/bin/gcc
configure:4019: result: gcc
configure:4248: checking for C compiler version
configure:4257: gcc --version >&5
gcc (Ubuntu 4.8.4-2ubuntu1~14.04.3) 4.8.4
Copyright (C) 2013 Free Software Foundation, Inc.
This is free software; see the source for copying conditions.  There is NO
warranty; not even for MERCHANTABILITY or FITNESS FOR A PARTICULAR PURPOSE.

configure:4268: $? = 0
configure:4257: gcc -v >&5
Using built-in specs.
COLLECT_GCC=gcc
COLLECT_LTO_WRAPPER=/usr/lib/gcc/x86_64-linux-gnu/4.8/lto-wrapper
Target: x86_64-linux-gnu
Configured with: ../src/configure -v --with-pkgversion='Ubuntu 4.8.4-2ubuntu1~14.04.3' --with-bugurl=file:///usr/share/doc/gcc-4.8/README.Bugs --enable-languages=c,c++,java,go,d,fortran,objc,obj-c++ --prefix=/usr --program-suffix=-4.8 --enable-shared --enable-linker-build-id --libexecdir=/usr/lib --without-included-gettext --enable-threads=posix --with-gxx-include-dir=/usr/include/c++/4.8 --libdir=/usr/lib --enable-nls --with-sysroot=/ --enable-clocale=gnu --enable-libstdcxx-debug --enable-libstdcxx-time=yes --enable-gnu-unique-object --disable-libmudflap --enable-plugin --with-system-zlib --disable-browser-plugin --enable-java-awt=gtk --enable-gtk-cairo --with-java-home=/usr/lib/jvm/java-1.5.0-gcj-4.8-amd64/jre --enable-java-home --with-jvm-root-dir=/usr/lib/jvm/java-1.5.0-gcj-4.8-amd64 --with-jvm-jar-dir=/usr/lib/jvm-exports/java-1.5.0-gcj-4.8-amd64 --with-arch-directory=amd64 --with-ecj-jar=/usr/share/java/eclipse-ecj.jar --enable-objc-gc --enable-multiarch --disable-werror --with-arch-32=i686 --with-abi=m64 --with-multilib-list=m32,m64,mx32 --with-tune=generic --enable-checking=release --build=x86_64-linux-gnu --host=x86_64-linux-gnu --target=x86_64-linux-gnu
Thread model: posix
gcc version 4.8.4 (Ubuntu 4.8.4-2ubuntu1~14.04.3) 
configure:4268: $? = 0
configure:4257: gcc -V >&5
gcc: error: unrecognized command line option '-V'
gcc: fatal error: no input files
compilation terminated.
configure:4268: $? = 4
configure:4257: gcc -qversion >&5
gcc: error: unrecognized command line option '-qversion'
gcc: fatal error: no input files
compilation terminated.
configure:4268: $? = 4
configure:4272: checking whether we are using the GNU C compiler
configure:4291: gcc -c   conftest.c >&5
configure:4291: $? = 0
configure:4300: result: yes
configure:4309: checking whether gcc accepts -g
configure:4329: gcc -c -g  conftest.c >&5
configure:4329: $? = 0
configure:4370: result: yes
configure:4387: checking for gcc option to accept ISO C89
configure:4450: gcc  -c -g -O2  conftest.c >&5
configure:4450: $? = 0
configure:4463: result: none needed
configure:4488: checking whether gcc understands -c and -o together
configure:4510: gcc -c conftest.c -o conftest2.o
configure:4513: $? = 0
configure:4510: gcc -c conftest.c -o conftest2.o
configure:4513: $? = 0
configure:4525: result: yes
configure:4544: checking dependency style of gcc
configure:4655: result: gcc3
configure:4701: checking whether the Boost::Regex library is available
configure:4724: g++ -c -g -O2 -std=c++11  -I/usr/include conftest.cpp >&5
configure:4724: $? = 0
configure:4738: result: yes
configure:4749: checking for exit in -lboost_regex
configure:4774: g++ -o conftest -g -O2 -std=c++11  -I/usr/include  -L/usr/lib/x86_64-linux-gnu conftest.cpp -lboost_regex   >&5
configure:4774: $? = 0
configure:4784: result: yes
configure:4907: checking for sqlite3_open_v2 in -lsqlite3
configure:4932: g++ -o conftest -g -O2 -std=c++11   conftest.cpp -lsqlite3   >&5
/usr/bin/ld: cannot find -lsqlite3
collect2: error: ld returned 1 exit status
configure:4932: $? = 1
configure: failed program was:
| /* confdefs.h */
| #define PACKAGE_NAME "SQLsmith"
| #define PACKAGE_TARNAME "sqlsmith"
| #define PACKAGE_VERSION "1.1"
| #define PACKAGE_STRING "SQLsmith 1.1"
| #define PACKAGE_BUGREPORT "seltenreich@gmx.de"
| #define PACKAGE_URL "https://github.com/anse1/sqlsmith/"
| #define PACKAGE "sqlsmith"
| #define VERSION "1.1"
| #define HAVE_CXX11 1
| #define HAVE_BOOST /**/
| #define HAVE_BOOST_REGEX /**/
| /* end confdefs.h.  */
| 
| /* Override any GCC internal prototype to avoid an error.
|    Use char because int might match the return type of a GCC
|    builtin and then its argument prototype would still apply.  */
| #ifdef __cplusplus
| extern "C"
| #endif
| char sqlite3_open_v2 ();
| int
| main ()
| {
| return sqlite3_open_v2 ();
|   ;
|   return 0;
| }
configure:4941: result: no
configure:5076: checking that generated files are newer than configure
configure:5082: result: done
configure:5113: creating ./config.status

## ---------------------- ##
## Running config.status. ##
## ---------------------- ##

This file was extended by SQLsmith config.status 1.1, which was
generated by GNU Autoconf 2.69.  Invocation command line was

  CONFIG_FILES    = 
  CONFIG_HEADERS  = 
  CONFIG_LINKS    = 
  CONFIG_COMMANDS = 
  $ ./config.status 

on thomas-XPS-8700

config.status:865: creating Makefile
config.status:865: creating Doxyfile
config.status:865: creating config.h
config.status:1094: executing depfiles commands

## ---------------- ##
## Cache variables. ##
## ---------------- ##

ac_cv_c_compiler_gnu=yes
ac_cv_cxx_compiler_gnu=yes
ac_cv_env_CCC_set=
ac_cv_env_CCC_value=
ac_cv_env_CC_set=
ac_cv_env_CC_value=
ac_cv_env_CFLAGS_set=
ac_cv_env_CFLAGS_value=
ac_cv_env_CPPFLAGS_set=
ac_cv_env_CPPFLAGS_value=
ac_cv_env_CXXFLAGS_set=
ac_cv_env_CXXFLAGS_value=
ac_cv_env_CXX_set=
ac_cv_env_CXX_value=
ac_cv_env_LDFLAGS_set=
ac_cv_env_LDFLAGS_value=
ac_cv_env_LIBPQXX_CFLAGS_set=
ac_cv_env_LIBPQXX_CFLAGS_value=
ac_cv_env_LIBPQXX_LIBS_set=
ac_cv_env_LIBPQXX_LIBS_value=
ac_cv_env_LIBS_set=
ac_cv_env_LIBS_value=
ac_cv_env_MONETDB_MAPI_CFLAGS_set=
ac_cv_env_MONETDB_MAPI_CFLAGS_value=
ac_cv_env_MONETDB_MAPI_LIBS_set=
ac_cv_env_MONETDB_MAPI_LIBS_value=
ac_cv_env_PKG_CONFIG_LIBDIR_set=
ac_cv_env_PKG_CONFIG_LIBDIR_value=
ac_cv_env_PKG_CONFIG_PATH_set=
ac_cv_env_PKG_CONFIG_PATH_value=
ac_cv_env_PKG_CONFIG_set=
ac_cv_env_PKG_CONFIG_value=
ac_cv_env_build_alias_set=
ac_cv_env_build_alias_value=
ac_cv_env_host_alias_set=
ac_cv_env_host_alias_value=
ac_cv_env_target_alias_set=
ac_cv_env_target_alias_value=
ac_cv_lib_boost_regex___exit=yes
ac_cv_lib_sqlite3_sqlite3_open_v2=no
ac_cv_objext=o
ac_cv_path_ac_pt_PKG_CONFIG=/usr/bin/pkg-config
ac_cv_path_install='/usr/bin/install -c'
ac_cv_path_mkdir=/bin/mkdir
ac_cv_prog_AWK=mawk
ac_cv_prog_ac_ct_CC=gcc
ac_cv_prog_ac_ct_CXX=g++
ac_cv_prog_cc_c89=
ac_cv_prog_cc_g=yes
ac_cv_prog_cxx_g=yes
ac_cv_prog_make_make_set=yes
am_cv_CC_dependencies_compiler_type=gcc3
am_cv_CXX_dependencies_compiler_type=gcc3
am_cv_make_support_nested_variables=yes
am_cv_prog_cc_c_o=yes
ax_cv_boost_regex=yes
ax_cv_cxx_compile_cxx11=no
ax_cv_cxx_compile_cxx11__std_cpp11=yes
pkg_cv_LIBPQXX_CFLAGS='-I/usr/include/postgresql  '
pkg_cv_LIBPQXX_LIBS='-lpqxx  '
pkg_cv_MONETDB_MAPI_CFLAGS='-I/usr/local/include/monetdb  '
pkg_cv_MONETDB_MAPI_LIBS='-L/usr/local/lib -lmapi -lstream -lssl -lcrypto -lcurl -lz  '

## ----------------- ##
## Output variables. ##
## ----------------- ##

ACLOCAL='${SHELL} /home/thomas/ssmonetdb/missing aclocal-1.14'
AMDEPBACKSLASH='\'
AMDEP_FALSE='#'
AMDEP_TRUE=''
AMTAR='$${TAR-tar}'
AM_BACKSLASH='\'
AM_DEFAULT_V='$(AM_DEFAULT_VERBOSITY)'
AM_DEFAULT_VERBOSITY='1'
AM_V='$(V)'
AUTOCONF='${SHELL} /home/thomas/ssmonetdb/missing autoconf'
AUTOHEADER='${SHELL} /home/thomas/ssmonetdb/missing autoheader'
AUTOMAKE='${SHELL} /home/thomas/ssmonetdb/missing automake-1.14'
AWK='mawk'
BOOST_CPPFLAGS='-I/usr/include'
BOOST_LDFLAGS='-L/usr/lib/x86_64-linux-gnu'
BOOST_REGEX_LIB='-lboost_regex'
CC='gcc'
CCDEPMODE='depmode=gcc3'
CFLAGS='-g -O2'
CONFIG_GIT_REVISION='e10005c-dirty'
CPPFLAGS=''
CXX='g++'
CXXDEPMODE='depmode=gcc3'
CXXFLAGS='-g -O2 -std=c++11'
CYGPATH_W='echo'
DEFS='-DHAVE_CONFIG_H'
DEPDIR='.deps'
DUT_SQLITE_FALSE=''
DUT_SQLITE_TRUE='#'
ECHO_C=''
ECHO_N='-n'
ECHO_T=''
EXEEXT=''
HAVE_CXX11='1'
INSTALL_DATA='${INSTALL} -m 644'
INSTALL_PROGRAM='${INSTALL}'
INSTALL_SCRIPT='${INSTALL}'
INSTALL_STRIP_PROGRAM='$(install_sh) -c -s'
LDFLAGS=''
LIBOBJS=''
LIBPQXX_CFLAGS='-I/usr/include/postgresql  '
LIBPQXX_LIBS='-lpqxx  '
LIBS=''
LTLIBOBJS=''
MAKEINFO='${SHELL} /home/thomas/ssmonetdb/missing makeinfo'
MKDIR_P='/bin/mkdir -p'
MONETDB_MAPI_CFLAGS='-I/usr/local/include/monetdb  '
MONETDB_MAPI_LIBS='-L/usr/local/lib -lmapi -lstream -lssl -lcrypto -lcurl -lz  '
OBJEXT='o'
PACKAGE='sqlsmith'
PACKAGE_BUGREPORT='seltenreich@gmx.de'
PACKAGE_NAME='SQLsmith'
PACKAGE_STRING='SQLsmith 1.1'
PACKAGE_TARNAME='sqlsmith'
PACKAGE_URL='https://github.com/anse1/sqlsmith/'
PACKAGE_VERSION='1.1'
PATH_SEPARATOR=':'
PKG_CONFIG='/usr/bin/pkg-config'
PKG_CONFIG_LIBDIR=''
PKG_CONFIG_PATH=''
REVISION=''
SET_MAKE=''
SHELL='/bin/bash'
STRIP=''
VERSION='1.1'
ac_ct_CC='gcc'
ac_ct_CXX='g++'
am__EXEEXT_FALSE=''
am__EXEEXT_TRUE='#'
am__fastdepCC_FALSE='#'
am__fastdepCC_TRUE=''
am__fastdepCXX_FALSE='#'
am__fastdepCXX_TRUE=''
am__include='include'
am__isrc=''
am__leading_dot='.'
am__nodep='_no'
am__quote=''
am__tar='$${TAR-tar} chof - "$$tardir"'
am__untar='$${TAR-tar} xf -'
bindir='${exec_prefix}/bin'
build_alias=''
datadir='${datarootdir}'
datarootdir='${prefix}/share'
docdir='${datarootdir}/doc/${PACKAGE_TARNAME}'
dvidir='${docdir}'
exec_prefix='${prefix}'
host_alias=''
htmldir='${docdir}'
includedir='${prefix}/include'
infodir='${datarootdir}/info'
install_sh='${SHELL} /home/thomas/ssmonetdb/install-sh'
libdir='${exec_prefix}/lib'
libexecdir='${exec_prefix}/libexec'
localedir='${datarootdir}/locale'
localstatedir='${prefix}/var'
mandir='${datarootdir}/man'
mkdir_p='$(MKDIR_P)'
oldincludedir='/usr/include'
pdfdir='${docdir}'
prefix='/usr/local'
program_transform_name='s,x,x,'
psdir='${docdir}'
sbindir='${exec_prefix}/sbin'
sharedstatedir='${prefix}/com'
sysconfdir='${prefix}/etc'
target_alias=''

## ----------- ##
## confdefs.h. ##
## ----------- ##

/* confdefs.h */
#define PACKAGE_NAME "SQLsmith"
#define PACKAGE_TARNAME "sqlsmith"
#define PACKAGE_VERSION "1.1"
#define PACKAGE_STRING "SQLsmith 1.1"
#define PACKAGE_BUGREPORT "seltenreich@gmx.de"
#define PACKAGE_URL "https://github.com/anse1/sqlsmith/"
#define PACKAGE "sqlsmith"
#define VERSION "1.1"
#define HAVE_CXX11 1
#define HAVE_BOOST /**/
#define HAVE_BOOST_REGEX /**/

configure: exit 0
